\BOOKMARK [1][-]{section.1}{Theme Areas}{}% 1
\BOOKMARK [1][-]{section.2}{Schedule}{}% 2
\BOOKMARK [1][-]{section.3}{Kinematics of Points}{}% 3
\BOOKMARK [2][-]{subsection.3.1}{Positions and Coordinates}{section.3}% 4
\BOOKMARK [3][-]{subsubsection.3.1.1}{Cartesian Coordinates}{subsection.3.1}% 5
\BOOKMARK [3][-]{subsubsection.3.1.2}{Polar Coordinates}{subsection.3.1}% 6
\BOOKMARK [3][-]{subsubsection.3.1.3}{Visualizing coordinate charts.}{subsection.3.1}% 7
\BOOKMARK [2][-]{subsection.3.2}{Vectors and Bases}{section.3}% 8
\BOOKMARK [3][-]{subsubsection.3.2.1}{Length of Vectors}{subsection.3.2}% 9
\BOOKMARK [3][-]{subsubsection.3.2.2}{Unit vectors}{subsection.3.2}% 10
\BOOKMARK [3][-]{subsubsection.3.2.3}{Dot Product}{subsection.3.2}% 11
\BOOKMARK [3][-]{subsubsection.3.2.4}{Cross Product}{subsection.3.2}% 12
\BOOKMARK [3][-]{subsubsection.3.2.5}{Projection and Rejection}{subsection.3.2}% 13
\BOOKMARK [3][-]{subsubsection.3.2.6}{Changing bases}{subsection.3.2}% 14
\BOOKMARK [3][-]{subsubsection.3.2.7}{Time-dependent vectors and bases}{subsection.3.2}% 15
\BOOKMARK [3][-]{subsubsection.3.2.8}{Basis vectors from different coordinate systems}{subsection.3.2}% 16
\BOOKMARK [2][-]{subsection.3.3}{Calculus and Vectors}{section.3}% 17
\BOOKMARK [2][-]{subsection.3.4}{Rotations and Angular Velocity}{section.3}% 18
\BOOKMARK [3][-]{subsubsection.3.4.1}{Properties of rotations}{subsection.3.4}% 19
\BOOKMARK [2][-]{subsection.3.5}{Position, Velocity, and Acceleration Vectors}{section.3}% 20
\BOOKMARK [3][-]{subsubsection.3.5.1}{Position vectors}{subsection.3.5}% 21
\BOOKMARK [3][-]{subsubsection.3.5.2}{Transformation of position vectors}{subsection.3.5}% 22
\BOOKMARK [2][-]{subsection.3.6}{Linear and Circular Motion}{section.3}% 23
\BOOKMARK [2][-]{subsection.3.7}{Tangential/Normal Coordinates}{section.3}% 24
\BOOKMARK [2][-]{subsection.3.8}{Cylindrical coordinates}{section.3}% 25
\BOOKMARK [2][-]{subsection.3.9}{Spherical coordinates}{section.3}% 26
\BOOKMARK [1][-]{section.4}{Non-inertial Coordinate Frames}{}% 27
